C51 COMPILER V9.01   LED                                                                   01/20/2023 20:33:57 PAGE 1   


C51 COMPILER V9.01, COMPILATION OF MODULE LED
OBJECT MODULE PLACED IN led.obj
COMPILER INVOKED BY: D:\c51\C51\BIN\C51.EXE src\led.c BROWSE INCDIR(.\inc) DEBUG OBJECTEXTEND PRINT(.\led.lst) OBJECT(le
                    -d.obj)

line level    source

   1          #include "led.h"
   2          
   3          void led_on()
   4          {
   5   1              led_blue = 1;
   6   1      }


MODULE INFORMATION:   STATIC OVERLAYABLE
   CODE SIZE        =      3    ----
   CONSTANT SIZE    =   ----    ----
   XDATA SIZE       =   ----    ----
   PDATA SIZE       =   ----    ----
   DATA SIZE        =   ----    ----
   IDATA SIZE       =   ----    ----
   BIT SIZE         =   ----    ----
END OF MODULE INFORMATION.


C51 COMPILATION COMPLETE.  0 WARNING(S),  0 ERROR(S)
