C51 COMPILER V9.01   MAIN                                                                  01/20/2023 20:33:57 PAGE 1   


C51 COMPILER V9.01, COMPILATION OF MODULE MAIN
OBJECT MODULE PLACED IN main.OBJ
COMPILER INVOKED BY: D:\c51\C51\BIN\C51.EXE main.c BROWSE INCDIR(.\inc) DEBUG OBJECTEXTEND

line level    source

   1          #include "reg52.h"
   2          #include "led.h"
   3          
   4          
   5          
   6          void main()
   7          {
   8   1              while(1)
   9   1              {
  10   2                      led_on();
  11   2              }
  12   1      }
  13          
  14          
  15          


MODULE INFORMATION:   STATIC OVERLAYABLE
   CODE SIZE        =      5    ----
   CONSTANT SIZE    =   ----    ----
   XDATA SIZE       =   ----    ----
   PDATA SIZE       =   ----    ----
   DATA SIZE        =   ----    ----
   IDATA SIZE       =   ----    ----
   BIT SIZE         =   ----    ----
END OF MODULE INFORMATION.


C51 COMPILATION COMPLETE.  0 WARNING(S),  0 ERROR(S)
